2014-11-18 11:45:41,572 :
 User entered:
   cziner.adam@gmail.com
2014-11-18 11:45:44,289 :
 User entered:
   cziner.adam@gmail.com
2014-11-18 11:45:51,397 :
 User entered:
   cziner.adam@gmail.com
2014-11-18 11:46:06,253 :
 Searching in admin page:
    select u.id,concat(lastName,' ',firstName) as fullName, email, registered, city, address, phone, birthday, privilidge from users u inner join profil p on u.id = p.userId where 1 = 1 order by fullName
2014-11-18 11:46:14,118 :
 Searching in admin page:
    select u.id,concat(lastName,' ',firstName) as fullName, email, registered, city, address, phone, birthday, privilidge from users u inner join profil p on u.id = p.userId where 1 = 1 AND city like '%Eg%' order by fullName
2014-11-18 11:47:27,635 :
 Searching in resut page:
    SELECT u.id,concat(lastName,' ',firstName) as fullName, email, t.name as TopicName, _subQuery.result, _subQuery.examDate  from (SELECT r1.* FROM results r1 JOIN (SELECT userId, topicId, MAX(id) id FROM results GROUP BY userId, topicId) r2 ON r1.id = r2.id AND r1.userId = r2.userId) as _subQuery inner join users u on u.id =_subQuery.userId inner join topics t on _subQuery.topicId = t.id where 1 = 1  
2014-11-18 11:48:54,157 :
 User entered:
   cziner.adam@gmail.com
