2014-11-18 07:53:51,019 :
 New User inserted:
  Kiss János kissj@gmail.com
2014-11-18 07:54:04,957 :
 User entered:
   kissj@gmail.com
2014-11-18 07:57:31,309 :
 Searching in resut page:
    SELECT u.id,concat(lastName,' ',firstName) as fullName, email, t.name as TopicName, _subQuery.result, _subQuery.examDate  from (SELECT r1.* FROM results r1 JOIN (SELECT userId, topicId, MAX(id) id FROM results GROUP BY userId, topicId) r2 ON r1.id = r2.id AND r1.userId = r2.userId) as _subQuery inner join users u on u.id =_subQuery.userId inner join topics t on _subQuery.topicId = t.id where 1 = 1  
2014-11-18 07:58:35,240 :
 Searching in resut page:
    SELECT u.id,concat(lastName,' ',firstName) as fullName, email, t.name as TopicName, _subQuery.result, _subQuery.examDate  from (SELECT r1.* FROM results r1 JOIN (SELECT userId, topicId, MAX(id) id FROM results GROUP BY userId, topicId) r2 ON r1.id = r2.id AND r1.userId = r2.userId) as _subQuery inner join users u on u.id =_subQuery.userId inner join topics t on _subQuery.topicId = t.id where 1 = 1  AND t.name like '%c#%' 
2014-11-18 07:58:43,559 :
 Searching in resut page:
    SELECT u.id,concat(lastName,' ',firstName) as fullName, email, t.name as TopicName, _subQuery.result, _subQuery.examDate  from (SELECT r1.* FROM results r1 JOIN (SELECT userId, topicId, MAX(id) id FROM results GROUP BY userId, topicId) r2 ON r1.id = r2.id AND r1.userId = r2.userId) as _subQuery inner join users u on u.id =_subQuery.userId inner join topics t on _subQuery.topicId = t.id where 1 = 1  AND _subQuery.result > '3' 
2014-11-18 07:59:01,207 :
 User entered:
   cziner.adam@gmail.com
2014-11-18 07:59:15,165 :
 Searching in admin page:
    select u.id,concat(lastName,' ',firstName) as fullName, email, registered, city, address, phone, birthday, privilidge from users u inner join profil p on u.id = p.userId where 1 = 1 order by fullName
2014-11-18 08:00:01,505 :
 Searching in admin page:
    select u.id,concat(lastName,' ',firstName) as fullName, email, registered, city, address, phone, birthday, privilidge from users u inner join profil p on u.id = p.userId where 1 = 1 order by fullName
2014-11-18 08:00:02,448 :
 Searching in admin page:
    select u.id,concat(lastName,' ',firstName) as fullName, email, registered, city, address, phone, birthday, privilidge from users u inner join profil p on u.id = p.userId where 1 = 1 order by fullName
2014-11-18 08:00:03,006 :
 Searching in admin page:
    select u.id,concat(lastName,' ',firstName) as fullName, email, registered, city, address, phone, birthday, privilidge from users u inner join profil p on u.id = p.userId where 1 = 1 order by fullName
2014-11-18 08:00:03,173 :
 Searching in admin page:
    select u.id,concat(lastName,' ',firstName) as fullName, email, registered, city, address, phone, birthday, privilidge from users u inner join profil p on u.id = p.userId where 1 = 1 order by fullName
2014-11-18 08:00:03,331 :
 Searching in admin page:
    select u.id,concat(lastName,' ',firstName) as fullName, email, registered, city, address, phone, birthday, privilidge from users u inner join profil p on u.id = p.userId where 1 = 1 order by fullName
2014-11-18 08:00:03,487 :
 Searching in admin page:
    select u.id,concat(lastName,' ',firstName) as fullName, email, registered, city, address, phone, birthday, privilidge from users u inner join profil p on u.id = p.userId where 1 = 1 order by fullName
2014-11-18 08:00:32,815 :
 Searching in admin page:
    select u.id,concat(lastName,' ',firstName) as fullName, email, registered, city, address, phone, birthday, privilidge from users u inner join profil p on u.id = p.userId where 1 = 1 order by fullName
