2014-11-18 08:09:42,611 :
 User entered:
   cziner.adam@gmail.com
2014-11-18 08:09:46,105 :
 Searching in admin page:
    select u.id,concat(lastName,' ',firstName) as fullName, email, registered, city, address, phone, birthday, privilidge from users u inner join profil p on u.id = p.userId where 1 = 1 order by fullName
2014-11-18 08:10:11,197 :
 Searching in admin page:
    select u.id,concat(lastName,' ',firstName) as fullName, email, registered, city, address, phone, birthday, privilidge from users u inner join profil p on u.id = p.userId where 1 = 1 order by fullName
2014-11-18 08:10:11,776 :
 Searching in admin page:
    select u.id,concat(lastName,' ',firstName) as fullName, email, registered, city, address, phone, birthday, privilidge from users u inner join profil p on u.id = p.userId where 1 = 1 order by fullName
2014-11-18 08:10:11,934 :
 Searching in admin page:
    select u.id,concat(lastName,' ',firstName) as fullName, email, registered, city, address, phone, birthday, privilidge from users u inner join profil p on u.id = p.userId where 1 = 1 order by fullName
2014-11-18 08:10:12,115 :
 Searching in admin page:
    select u.id,concat(lastName,' ',firstName) as fullName, email, registered, city, address, phone, birthday, privilidge from users u inner join profil p on u.id = p.userId where 1 = 1 order by fullName
2014-11-18 08:10:12,290 :
 Searching in admin page:
    select u.id,concat(lastName,' ',firstName) as fullName, email, registered, city, address, phone, birthday, privilidge from users u inner join profil p on u.id = p.userId where 1 = 1 order by fullName
2014-11-18 08:15:58,073 :
 New topic inserted: Css
2014-11-18 08:16:17,973 :
 New question inserted: vxvdsf
